<?xml version="1.0" encoding="UTF-8"?>
<!-- Generated by org.testng.reporters.JUnitXMLReporter -->
<testsuite ignored="0" hostname="DESKTOP-MHEBNHM" failures="0" tests="3" name="Default test" time="0.054" errors="0" timestamp="2022-03-24T14:31:37 IST">
  <testcase classname="com.maventraining.Demotest" name="Read" time="0.007"/>
  <testcase classname="com.maventraining.Demotest" name="Write" time="0.003"/>
  <testcase classname="com.maventraining.Demotest" name="learn" time="0.002"/>
</testsuite> <!-- Default test -->
