<?xml version="1.0" encoding="UTF-8"?>
<testng-results ignored="0" total="1" passed="1" failed="0" skipped="0">
  <reporter-output>
  </reporter-output>
  <suite started-at="2022-03-23T14:56:21 IST" name="Default suite" finished-at="2022-03-23T14:56:28 IST" duration-ms="6205">
    <groups>
    </groups>
    <test started-at="2022-03-23T14:56:21 IST" name="Default test" finished-at="2022-03-23T14:56:28 IST" duration-ms="6205">
      <class name="com.maventraining.LoginTest">
        <test-method signature="main()[pri:0, instance:com.maventraining.LoginTest@1cbb87f3]" started-at="2022-03-23T14:56:21 IST" name="main" finished-at="2022-03-23T14:56:28 IST" duration-ms="6157" status="PASS">
          <reporter-output>
          </reporter-output>
        </test-method> <!-- main -->
      </class> <!-- com.maventraining.LoginTest -->
    </test> <!-- Default test -->
  </suite> <!-- Default suite -->
</testng-results>
