<?xml version="1.0" encoding="UTF-8"?>
<testng-results ignored="0" total="3" passed="3" failed="0" skipped="0">
  <reporter-output>
  </reporter-output>
  <suite started-at="2022-03-24T14:31:37 IST" name="Default suite" finished-at="2022-03-24T14:31:37 IST" duration-ms="54">
    <groups>
    </groups>
    <test started-at="2022-03-24T14:31:37 IST" name="Default test" finished-at="2022-03-24T14:31:37 IST" duration-ms="54">
      <class name="com.maventraining.Demotest">
        <test-method signature="Read()[pri:0, instance:com.maventraining.Demotest@649bec2e]" started-at="2022-03-24T14:31:37 IST" name="Read" finished-at="2022-03-24T14:31:37 IST" duration-ms="7" status="PASS">
          <reporter-output>
          </reporter-output>
        </test-method> <!-- Read -->
        <test-method signature="Write()[pri:0, instance:com.maventraining.Demotest@649bec2e]" started-at="2022-03-24T14:31:37 IST" name="Write" finished-at="2022-03-24T14:31:37 IST" duration-ms="3" status="PASS">
          <reporter-output>
          </reporter-output>
        </test-method> <!-- Write -->
        <test-method signature="learn()[pri:0, instance:com.maventraining.Demotest@649bec2e]" started-at="2022-03-24T14:31:37 IST" name="learn" finished-at="2022-03-24T14:31:37 IST" duration-ms="2" status="PASS">
          <reporter-output>
          </reporter-output>
        </test-method> <!-- learn -->
      </class> <!-- com.maventraining.Demotest -->
    </test> <!-- Default test -->
  </suite> <!-- Default suite -->
</testng-results>
